<?xml version="1.0" encoding="UTF-8"?>
<!-- Generated by org.testng.reporters.JUnitReportReporter -->
<testsuite hostname="AravinthRajesh" failures="0" tests="1" name="testCases.Logout_Application" time="0.270" errors="0" timestamp="2023-12-29T15:51:28 IST" skipped="0">
  <testcase classname="testCases.Logout_Application" name="Logout_Function" time="0.270"/>
  <system-out/>
</testsuite> <!-- testCases.Logout_Application -->
