<?xml version="1.0" encoding="UTF-8"?>
<!-- Generated by org.testng.reporters.JUnitReportReporter -->
<testsuite hostname="AravinthRajesh" failures="0" tests="1" name="testCases.Add_Products_in_Cart" time="0.514" errors="0" timestamp="2023-12-29T15:51:28 IST" skipped="0">
  <testcase classname="testCases.Add_Products_in_Cart" name="AddProducts" time="0.514"/>
  <system-out/>
</testsuite> <!-- testCases.Add_Products_in_Cart -->
