<?xml version="1.0" encoding="UTF-8"?>
<!-- Generated by org.testng.reporters.JUnitReportReporter -->
<testsuite hostname="AravinthRajesh" failures="0" tests="1" name="testCases.Checkout_with_Information" time="0.461" errors="0" timestamp="2023-12-29T15:51:28 IST" skipped="0">
  <testcase classname="testCases.Checkout_with_Information" name="checkoutFunctions" time="0.461"/>
  <system-out/>
</testsuite> <!-- testCases.Checkout_with_Information -->
